<?xml version="1.0" encoding="UTF-8"?>
<!-- Generated by org.testng.reporters.JUnitReportReporter -->
<testsuite skipped="0" hostname="Anshu-PC" name="testNG.RealTime_Yatra" tests="2" failures="0" timestamp="14 Mar 2018 16:08:06 GMT" time="28.484" errors="0">
  <testcase name="startApp" time="27.813" classname="testNG.RealTime_Yatra"/>
  <testcase name="login" time="0.671" classname="testNG.RealTime_Yatra"/>
</testsuite> <!-- testNG.RealTime_Yatra -->
