<?xml version="1.0" encoding="UTF-8"?>
<!-- Generated by org.testng.reporters.JUnitReportReporter -->
<testsuite skipped="0" hostname="Anshu-PC" name="testNG.Pre_PostCondition_testNG" tests="1" failures="0" timestamp="14 Mar 2018 15:54:07 GMT" time="0.013" errors="0">
  <testcase name="test" time="0.013" classname="testNG.Pre_PostCondition_testNG"/>
</testsuite> <!-- testNG.Pre_PostCondition_testNG -->
