<?xml version="1.0" encoding="UTF-8"?>
<!-- Generated by org.testng.reporters.JUnitReportReporter -->
<testsuite skipped="0" hostname="Anshu-PC" name="testNG.VerifyTitle" tests="1" failures="0" timestamp="15 Mar 2018 02:36:35 GMT" time="2.476" errors="0">
  <testcase name="verifyAppTitle" time="2.476" classname="testNG.VerifyTitle"/>
</testsuite> <!-- testNG.VerifyTitle -->
