<?xml version="1.0" encoding="UTF-8"?>
<!-- Generated by org.testng.reporters.JUnitReportReporter -->
<testsuite skipped="0" hostname="Anshu-PC" name="crossBrowser.CrossBrowser" tests="4" failures="0" timestamp="20 Mar 2018 15:54:38 GMT" time="164.127" errors="1">
  <testcase name="verifyTitle" time="0.019" classname="crossBrowser.CrossBrowser">
    <error type="java.lang.NullPointerException">
      <![CDATA[java.lang.NullPointerException
at crossBrowser.CrossBrowser.verifyTitle(CrossBrowser.java:31)
at sun.reflect.NativeMethodAccessorImpl.invoke0(Native Method)
at sun.reflect.NativeMethodAccessorImpl.invoke(Unknown Source)
at sun.reflect.DelegatingMethodAccessorImpl.invoke(Unknown Source)
at java.lang.reflect.Method.invoke(Unknown Source)
at org.testng.internal.MethodInvocationHelper.invokeMethod(MethodInvocationHelper.java:124)
at org.testng.internal.Invoker.invokeMethod(Invoker.java:580)
at org.testng.internal.Invoker.invokeTestMethod(Invoker.java:716)
at org.testng.internal.Invoker.invokeTestMethods(Invoker.java:988)
at org.testng.internal.TestMethodWorker.invokeTestMethods(TestMethodWorker.java:125)
at org.testng.internal.TestMethodWorker.run(TestMethodWorker.java:109)
at org.testng.TestRunner.privateRun(TestRunner.java:648)
at org.testng.TestRunner.run(TestRunner.java:505)
at org.testng.SuiteRunner.runTest(SuiteRunner.java:455)
at org.testng.SuiteRunner.access$000(SuiteRunner.java:40)
at org.testng.SuiteRunner$SuiteWorker.run(SuiteRunner.java:489)
at org.testng.internal.thread.ThreadUtil$1.call(ThreadUtil.java:52)
at java.util.concurrent.FutureTask.run(Unknown Source)
at java.util.concurrent.ThreadPoolExecutor.runWorker(Unknown Source)
at java.util.concurrent.ThreadPoolExecutor$Worker.run(Unknown Source)
at java.lang.Thread.run(Unknown Source)
]]>
    </error>
  </testcase> <!-- verifyTitle -->
  <testcase name="verifyTitle" time="52.299" classname="crossBrowser.CrossBrowser"/>
  <testcase name="verifyTitle" time="59.492" classname="crossBrowser.CrossBrowser"/>
  <testcase name="verifyTitle" time="52.317" classname="crossBrowser.CrossBrowser"/>
</testsuite> <!-- crossBrowser.CrossBrowser -->
